<?xml version="1.0" encoding="UTF-8"?>
<!-- Generated by org.testng.reporters.JUnitXMLReporter -->
<testsuite hostname="DESKTOP-CAVB348" ignored="1" name="Test" tests="3" failures="0" timestamp="2022-07-26T22:41:42 IST" time="0.154" errors="0">
  <testcase name="test1" time="0.021" classname="testcases.MoreAnnotations"/>
  <testcase name="test2" time="0.002" classname="testcases.MoreAnnotations"/>
  <testcase name="test4" time="0.003" classname="testcases.MoreAnnotations"/>
  <testcase name="test3" time="0.0" classname="testcases.MoreAnnotations">
    <ignored/>
  </testcase> <!-- test3 -->
</testsuite> <!-- Test -->
